{"uuid":"0f3e4224-4a68-4980-98d1-0986e5791477","historyId":"2cf50d446595ceb276b92dbcaa3db5fe","testCaseId":"[engine:junit-jupiter]/[class:ru.netology.test.BuyingTourTestDebitCard]/[method:shouldSuccessfulPurchaseOfTourWithValidApprovedDebitCard()]","testCaseName":"Purchase of a tour when filling out the form with valid debit card data APPROVED","fullName":"ru.netology.test.BuyingTourTestDebitCard.shouldSuccessfulPurchaseOfTourWithValidApprovedDebitCard","labels":[{"name":"junit.platform.uniqueid","value":"[engine:junit-jupiter]/[class:ru.netology.test.BuyingTourTestDebitCard]/[method:shouldSuccessfulPurchaseOfTourWithValidApprovedDebitCard()]"},{"name":"host","value":"DESKTOP-NOAECDF"},{"name":"thread","value":"5236@DESKTOP-NOAECDF.Test worker(1)"},{"name":"framework","value":"junit-platform"},{"name":"language","value":"java"},{"name":"package","value":"ru.netology.test.BuyingTourTestDebitCard"},{"name":"testClass","value":"ru.netology.test.BuyingTourTestDebitCard"},{"name":"testMethod","value":"shouldSuccessfulPurchaseOfTourWithValidApprovedDebitCard"},{"name":"suite","value":"ru.netology.test.BuyingTourTestDebitCard"}],"links":[],"name":"Purchase of a tour when filling out the form with valid debit card data APPROVED","status":"broken","statusDetails":{"known":false,"muted":false,"flaky":false,"message":"FATAL: password authentication failed for user \"Танечка\"","trace":"org.postgresql.util.PSQLException: FATAL: password authentication failed for user \"Танечка\"\r\n\tat org.postgresql.core.v3.ConnectionFactoryImpl.doAuthentication(ConnectionFactoryImpl.java:698)\r\n\tat org.postgresql.core.v3.ConnectionFactoryImpl.tryConnect(ConnectionFactoryImpl.java:207)\r\n\tat org.postgresql.core.v3.ConnectionFactoryImpl.openConnectionImpl(ConnectionFactoryImpl.java:262)\r\n\tat org.postgresql.core.ConnectionFactory.openConnection(ConnectionFactory.java:54)\r\n\tat org.postgresql.jdbc.PgConnection.<init>(PgConnection.java:273)\r\n\tat org.postgresql.Driver.makeConnection(Driver.java:446)\r\n\tat org.postgresql.Driver.connect(Driver.java:298)\r\n\tat java.sql/java.sql.DriverManager.getConnection(DriverManager.java:677)\r\n\tat java.sql/java.sql.DriverManager.getConnection(DriverManager.java:228)\r\n\tat ru.netology.data.SQLHelper.getCoon(SQLHelper.java:19)\r\n\tat ru.netology.data.SQLHelper.getStatusLastLinePaymentRequestEntity(SQLHelper.java:33)\r\n\tat ru.netology.test.BuyingTourTestDebitCard.shouldSuccessfulPurchaseOfTourWithValidApprovedDebitCard(BuyingTourTestDebitCard.java:45)\r\n\tat java.base/jdk.internal.reflect.NativeMethodAccessorImpl.invoke0(Native Method)\r\n\tat java.base/jdk.internal.reflect.NativeMethodAccessorImpl.invoke(NativeMethodAccessorImpl.java:62)\r\n\tat java.base/jdk.internal.reflect.DelegatingMethodAccessorImpl.invoke(DelegatingMethodAccessorImpl.java:43)\r\n\tat java.base/java.lang.reflect.Method.invoke(Method.java:566)\r\n\tat org.junit.platform.commons.util.ReflectionUtils.invokeMethod(ReflectionUtils.java:725)\r\n\tat org.junit.jupiter.engine.execution.MethodInvocation.proceed(MethodInvocation.java:60)\r\n\tat org.junit.jupiter.engine.execution.InvocationInterceptorChain$ValidatingInvocation.proceed(InvocationInterceptorChain.java:131)\r\n\tat org.junit.jupiter.api.extension.InvocationInterceptor.interceptTestMethod(InvocationInterceptor.java:118)\r\n\tat org.junit.jupiter.engine.execution.ExecutableInvoker$ReflectiveInterceptorCall.lambda$ofVoidMethod$0(ExecutableInvoker.java:115)\r\n\tat org.junit.jupiter.engine.execution.ExecutableInvoker.lambda$invoke$0(ExecutableInvoker.java:105)\r\n\tat org.junit.jupiter.engine.execution.InvocationInterceptorChain$InterceptedInvocation.proceed(InvocationInterceptorChain.java:106)\r\n\tat org.junit.jupiter.engine.extension.TimeoutExtension.intercept(TimeoutExtension.java:149)\r\n\tat org.junit.jupiter.engine.extension.TimeoutExtension.interceptTestableMethod(TimeoutExtension.java:140)\r\n\tat org.junit.jupiter.engine.extension.TimeoutExtension.interceptTestMethod(TimeoutExtension.java:84)\r\n\tat org.junit.jupiter.engine.execution.ExecutableInvoker$ReflectiveInterceptorCall.lambda$ofVoidMethod$0(ExecutableInvoker.java:115)\r\n\tat org.junit.jupiter.engine.execution.ExecutableInvoker.lambda$invoke$0(ExecutableInvoker.java:105)\r\n\tat org.junit.jupiter.engine.execution.InvocationInterceptorChain$InterceptedInvocation.proceed(InvocationInterceptorChain.java:106)\r\n\tat org.junit.jupiter.engine.execution.InvocationInterceptorChain.proceed(InvocationInterceptorChain.java:64)\r\n\tat org.junit.jupiter.engine.execution.InvocationInterceptorChain.chainAndInvoke(InvocationInterceptorChain.java:45)\r\n\tat org.junit.jupiter.engine.execution.InvocationInterceptorChain.invoke(InvocationInterceptorChain.java:37)\r\n\tat org.junit.jupiter.engine.execution.ExecutableInvoker.invoke(ExecutableInvoker.java:104)\r\n\tat org.junit.jupiter.engine.execution.ExecutableInvoker.invoke(ExecutableInvoker.java:98)\r\n\tat org.junit.jupiter.engine.descriptor.TestMethodTestDescriptor.lambda$invokeTestMethod$7(TestMethodTestDescriptor.java:214)\r\n\tat org.junit.platform.engine.support.hierarchical.ThrowableCollector.execute(ThrowableCollector.java:73)\r\n\tat org.junit.jupiter.engine.descriptor.TestMethodTestDescriptor.invokeTestMethod(TestMethodTestDescriptor.java:210)\r\n\tat org.junit.jupiter.engine.descriptor.TestMethodTestDescriptor.execute(TestMethodTestDescriptor.java:135)\r\n\tat org.junit.jupiter.engine.descriptor.TestMethodTestDescriptor.execute(TestMethodTestDescriptor.java:66)\r\n\tat org.junit.platform.engine.support.hierarchical.NodeTestTask.lambda$executeRecursively$6(NodeTestTask.java:151)\r\n\tat org.junit.platform.engine.support.hierarchical.ThrowableCollector.execute(ThrowableCollector.java:73)\r\n\tat org.junit.platform.engine.support.hierarchical.NodeTestTask.lambda$executeRecursively$8(NodeTestTask.java:141)\r\n\tat org.junit.platform.engine.support.hierarchical.Node.around(Node.java:137)\r\n\tat org.junit.platform.engine.support.hierarchical.NodeTestTask.lambda$executeRecursively$9(NodeTestTask.java:139)\r\n\tat org.junit.platform.engine.support.hierarchical.ThrowableCollector.execute(ThrowableCollector.java:73)\r\n\tat org.junit.platform.engine.support.hierarchical.NodeTestTask.executeRecursively(NodeTestTask.java:138)\r\n\tat org.junit.platform.engine.support.hierarchical.NodeTestTask.execute(NodeTestTask.java:95)\r\n\tat java.base/java.util.ArrayList.forEach(ArrayList.java:1541)\r\n\tat org.junit.platform.engine.support.hierarchical.SameThreadHierarchicalTestExecutorService.invokeAll(SameThreadHierarchicalTestExecutorService.java:41)\r\n\tat org.junit.platform.engine.support.hierarchical.NodeTestTask.lambda$executeRecursively$6(NodeTestTask.java:155)\r\n\tat org.junit.platform.engine.support.hierarchical.ThrowableCollector.execute(ThrowableCollector.java:73)\r\n\tat org.junit.platform.engine.support.hierarchical.NodeTestTask.lambda$executeRecursively$8(NodeTestTask.java:141)\r\n\tat org.junit.platform.engine.support.hierarchical.Node.around(Node.java:137)\r\n\tat org.junit.platform.engine.support.hierarchical.NodeTestTask.lambda$executeRecursively$9(NodeTestTask.java:139)\r\n\tat org.junit.platform.engine.support.hierarchical.ThrowableCollector.execute(ThrowableCollector.java:73)\r\n\tat org.junit.platform.engine.support.hierarchical.NodeTestTask.executeRecursively(NodeTestTask.java:138)\r\n\tat org.junit.platform.engine.support.hierarchical.NodeTestTask.execute(NodeTestTask.java:95)\r\n\tat java.base/java.util.ArrayList.forEach(ArrayList.java:1541)\r\n\tat org.junit.platform.engine.support.hierarchical.SameThreadHierarchicalTestExecutorService.invokeAll(SameThreadHierarchicalTestExecutorService.java:41)\r\n\tat org.junit.platform.engine.support.hierarchical.NodeTestTask.lambda$executeRecursively$6(NodeTestTask.java:155)\r\n\tat org.junit.platform.engine.support.hierarchical.ThrowableCollector.execute(ThrowableCollector.java:73)\r\n\tat org.junit.platform.engine.support.hierarchical.NodeTestTask.lambda$executeRecursively$8(NodeTestTask.java:141)\r\n\tat org.junit.platform.engine.support.hierarchical.Node.around(Node.java:137)\r\n\tat org.junit.platform.engine.support.hierarchical.NodeTestTask.lambda$executeRecursively$9(NodeTestTask.java:139)\r\n\tat org.junit.platform.engine.support.hierarchical.ThrowableCollector.execute(ThrowableCollector.java:73)\r\n\tat org.junit.platform.engine.support.hierarchical.NodeTestTask.executeRecursively(NodeTestTask.java:138)\r\n\tat org.junit.platform.engine.support.hierarchical.NodeTestTask.execute(NodeTestTask.java:95)\r\n\tat org.junit.platform.engine.support.hierarchical.SameThreadHierarchicalTestExecutorService.submit(SameThreadHierarchicalTestExecutorService.java:35)\r\n\tat org.junit.platform.engine.support.hierarchical.HierarchicalTestExecutor.execute(HierarchicalTestExecutor.java:57)\r\n\tat org.junit.platform.engine.support.hierarchical.HierarchicalTestEngine.execute(HierarchicalTestEngine.java:54)\r\n\tat org.junit.platform.launcher.core.EngineExecutionOrchestrator.execute(EngineExecutionOrchestrator.java:107)\r\n\tat org.junit.platform.launcher.core.EngineExecutionOrchestrator.execute(EngineExecutionOrchestrator.java:88)\r\n\tat org.junit.platform.launcher.core.EngineExecutionOrchestrator.lambda$execute$0(EngineExecutionOrchestrator.java:54)\r\n\tat org.junit.platform.launcher.core.EngineExecutionOrchestrator.withInterceptedStreams(EngineExecutionOrchestrator.java:67)\r\n\tat org.junit.platform.launcher.core.EngineExecutionOrchestrator.execute(EngineExecutionOrchestrator.java:52)\r\n\tat org.junit.platform.launcher.core.DefaultLauncher.execute(DefaultLauncher.java:114)\r\n\tat org.junit.platform.launcher.core.DefaultLauncher.execute(DefaultLauncher.java:86)\r\n\tat org.junit.platform.launcher.core.DefaultLauncherSession$DelegatingLauncher.execute(DefaultLauncherSession.java:86)\r\n\tat org.junit.platform.launcher.core.SessionPerRequestLauncher.execute(SessionPerRequestLauncher.java:53)\r\n\tat org.gradle.api.internal.tasks.testing.junitplatform.JUnitPlatformTestClassProcessor$CollectAllTestClassesExecutor.processAllTestClasses(JUnitPlatformTestClassProcessor.java:99)\r\n\tat org.gradle.api.internal.tasks.testing.junitplatform.JUnitPlatformTestClassProcessor$CollectAllTestClassesExecutor.access$000(JUnitPlatformTestClassProcessor.java:79)\r\n\tat org.gradle.api.internal.tasks.testing.junitplatform.JUnitPlatformTestClassProcessor.stop(JUnitPlatformTestClassProcessor.java:75)\r\n\tat org.gradle.api.internal.tasks.testing.SuiteTestClassProcessor.stop(SuiteTestClassProcessor.java:62)\r\n\tat java.base/jdk.internal.reflect.NativeMethodAccessorImpl.invoke0(Native Method)\r\n\tat java.base/jdk.internal.reflect.NativeMethodAccessorImpl.invoke(NativeMethodAccessorImpl.java:62)\r\n\tat java.base/jdk.internal.reflect.DelegatingMethodAccessorImpl.invoke(DelegatingMethodAccessorImpl.java:43)\r\n\tat java.base/java.lang.reflect.Method.invoke(Method.java:566)\r\n\tat org.gradle.internal.dispatch.ReflectionDispatch.dispatch(ReflectionDispatch.java:36)\r\n\tat org.gradle.internal.dispatch.ReflectionDispatch.dispatch(ReflectionDispatch.java:24)\r\n\tat org.gradle.internal.dispatch.ContextClassLoaderDispatch.dispatch(ContextClassLoaderDispatch.java:33)\r\n\tat org.gradle.internal.dispatch.ProxyDispatchAdapter$DispatchingInvocationHandler.invoke(ProxyDispatchAdapter.java:94)\r\n\tat com.sun.proxy.$Proxy2.stop(Unknown Source)\r\n\tat org.gradle.api.internal.tasks.testing.worker.TestWorker$3.run(TestWorker.java:193)\r\n\tat org.gradle.api.internal.tasks.testing.worker.TestWorker.executeAndMaintainThreadName(TestWorker.java:129)\r\n\tat org.gradle.api.internal.tasks.testing.worker.TestWorker.execute(TestWorker.java:100)\r\n\tat org.gradle.api.internal.tasks.testing.worker.TestWorker.execute(TestWorker.java:60)\r\n\tat org.gradle.process.internal.worker.child.ActionExecutionWorker.execute(ActionExecutionWorker.java:56)\r\n\tat org.gradle.process.internal.worker.child.SystemApplicationClassLoaderWorker.call(SystemApplicationClassLoaderWorker.java:113)\r\n\tat org.gradle.process.internal.worker.child.SystemApplicationClassLoaderWorker.call(SystemApplicationClassLoaderWorker.java:65)\r\n\tat worker.org.gradle.process.internal.worker.GradleWorkerMain.run(GradleWorkerMain.java:69)\r\n\tat worker.org.gradle.process.internal.worker.GradleWorkerMain.main(GradleWorkerMain.java:74)\r\n\tSuppressed: org.postgresql.util.PSQLException: FATAL: password authentication failed for user \"Танечка\"\r\n\t\tat org.postgresql.core.v3.ConnectionFactoryImpl.doAuthentication(ConnectionFactoryImpl.java:698)\r\n\t\tat org.postgresql.core.v3.ConnectionFactoryImpl.tryConnect(ConnectionFactoryImpl.java:207)\r\n\t\tat org.postgresql.core.v3.ConnectionFactoryImpl.openConnectionImpl(ConnectionFactoryImpl.java:262)\r\n\t\tat org.postgresql.core.ConnectionFactory.openConnection(ConnectionFactory.java:54)\r\n\t\tat org.postgresql.jdbc.PgConnection.<init>(PgConnection.java:273)\r\n\t\tat org.postgresql.Driver.makeConnection(Driver.java:446)\r\n\t\tat org.postgresql.Driver.connect(Driver.java:298)\r\n\t\tat java.sql/java.sql.DriverManager.getConnection(DriverManager.java:677)\r\n\t\tat java.sql/java.sql.DriverManager.getConnection(DriverManager.java:228)\r\n\t\tat ru.netology.data.SQLHelper.getCoon(SQLHelper.java:19)\r\n\t\tat ru.netology.data.SQLHelper.cleanDatabase(SQLHelper.java:40)\r\n\t\tat ru.netology.test.BuyingTourTestDebitCard.tearDownAllDatabase(BuyingTourTestDebitCard.java:33)\r\n\t\tat java.base/jdk.internal.reflect.NativeMethodAccessorImpl.invoke0(Native Method)\r\n\t\tat java.base/jdk.internal.reflect.NativeMethodAccessorImpl.invoke(NativeMethodAccessorImpl.java:62)\r\n\t\tat java.base/jdk.internal.reflect.DelegatingMethodAccessorImpl.invoke(DelegatingMethodAccessorImpl.java:43)\r\n\t\tat java.base/java.lang.reflect.Method.invoke(Method.java:566)\r\n\t\tat org.junit.platform.commons.util.ReflectionUtils.invokeMethod(ReflectionUtils.java:725)\r\n\t\tat org.junit.jupiter.engine.execution.MethodInvocation.proceed(MethodInvocation.java:60)\r\n\t\tat org.junit.jupiter.engine.execution.InvocationInterceptorChain$ValidatingInvocation.proceed(InvocationInterceptorChain.java:131)\r\n\t\tat io.qameta.allure.junit5.AllureJunit5.processFixture(AllureJunit5.java:138)\r\n\t\tat io.qameta.allure.junit5.AllureJunit5.interceptAfterEachMethod(AllureJunit5.java:124)\r\n\t\tat org.junit.jupiter.engine.execution.ExecutableInvoker$ReflectiveInterceptorCall.lambda$ofVoidMethod$0(ExecutableInvoker.java:115)\r\n\t\tat org.junit.jupiter.engine.execution.ExecutableInvoker.lambda$invoke$0(ExecutableInvoker.java:105)\r\n\t\tat org.junit.jupiter.engine.execution.InvocationInterceptorChain$InterceptedInvocation.proceed(InvocationInterceptorChain.java:106)\r\n\t\tat org.junit.jupiter.engine.extension.TimeoutExtension.intercept(TimeoutExtension.java:149)\r\n\t\tat org.junit.jupiter.engine.extension.TimeoutExtension.interceptLifecycleMethod(TimeoutExtension.java:126)\r\n\t\tat org.junit.jupiter.engine.extension.TimeoutExtension.interceptAfterEachMethod(TimeoutExtension.java:108)\r\n\t\tat org.junit.jupiter.engine.execution.ExecutableInvoker$ReflectiveInterceptorCall.lambda$ofVoidMethod$0(ExecutableInvoker.java:115)\r\n\t\tat org.junit.jupiter.engine.execution.ExecutableInvoker.lambda$invoke$0(ExecutableInvoker.java:105)\r\n\t\tat org.junit.jupiter.engine.execution.InvocationInterceptorChain$InterceptedInvocation.proceed(InvocationInterceptorChain.java:106)\r\n\t\tat org.junit.jupiter.engine.execution.InvocationInterceptorChain.proceed(InvocationInterceptorChain.java:64)\r\n\t\tat org.junit.jupiter.engine.execution.InvocationInterceptorChain.chainAndInvoke(InvocationInterceptorChain.java:45)\r\n\t\tat org.junit.jupiter.engine.execution.InvocationInterceptorChain.invoke(InvocationInterceptorChain.java:37)\r\n\t\tat org.junit.jupiter.engine.execution.ExecutableInvoker.invoke(ExecutableInvoker.java:104)\r\n\t\tat org.junit.jupiter.engine.execution.ExecutableInvoker.invoke(ExecutableInvoker.java:98)\r\n\t\tat org.junit.jupiter.engine.descriptor.ClassBasedTestDescriptor.invokeMethodInExtensionContext(ClassBasedTestDescriptor.java:506)\r\n\t\tat org.junit.jupiter.engine.descriptor.ClassBasedTestDescriptor.lambda$synthesizeAfterEachMethodAdapter$22(ClassBasedTestDescriptor.java:496)\r\n\t\tat org.junit.jupiter.engine.descriptor.TestMethodTestDescriptor.lambda$invokeAfterEachMethods$10(TestMethodTestDescriptor.java:240)\r\n\t\tat org.junit.jupiter.engine.descriptor.TestMethodTestDescriptor.lambda$invokeAllAfterMethodsOrCallbacks$13(TestMethodTestDescriptor.java:273)\r\n\t\tat org.junit.platform.engine.support.hierarchical.ThrowableCollector.execute(ThrowableCollector.java:73)\r\n\t\tat org.junit.jupiter.engine.descriptor.TestMethodTestDescriptor.lambda$invokeAllAfterMethodsOrCallbacks$14(TestMethodTestDescriptor.java:273)\r\n\t\tat java.base/java.util.ArrayList.forEach(ArrayList.java:1541)\r\n\t\tat org.junit.jupiter.engine.descriptor.TestMethodTestDescriptor.invokeAllAfterMethodsOrCallbacks(TestMethodTestDescriptor.java:272)\r\n\t\tat org.junit.jupiter.engine.descriptor.TestMethodTestDescriptor.invokeAfterEachMethods(TestMethodTestDescriptor.java:238)\r\n\t\tat org.junit.jupiter.engine.descriptor.TestMethodTestDescriptor.execute(TestMethodTestDescriptor.java:139)\r\n\t\t... 63 more\r\n"},"stage":"finished","description":"","steps":[{"name":"$(\"by text: Купить\") click()","status":"passed","stage":"finished","steps":[],"attachments":[],"parameters":[],"start":1744023153395,"stop":1744023153478},{"name":"$(\"by text: Оплата по карте\") should have(exact text \"Оплата по карте\")","status":"passed","stage":"finished","steps":[],"attachments":[],"parameters":[],"start":1744023153478,"stop":1744023153496},{"name":"$(\"by text: Оплата по карте\") should be(visible)","status":"passed","stage":"finished","steps":[],"attachments":[],"parameters":[],"start":1744023153497,"stop":1744023153517},{"name":"$(\"[placeholder='0000 0000 0000 0000']\") set value(4444 4444 4444 4441)","status":"passed","stage":"finished","steps":[],"attachments":[],"parameters":[],"start":1744023153517,"stop":1744023153661},{"name":"$(\"[placeholder='08']\") set value(05)","status":"passed","stage":"finished","steps":[],"attachments":[],"parameters":[],"start":1744023153661,"stop":1744023153773},{"name":"$(\"[placeholder='22']\") set value(26)","status":"passed","stage":"finished","steps":[],"attachments":[],"parameters":[],"start":1744023153773,"stop":1744023153896},{"name":"$(\"[class=input__inner].findBy(text \"Владелец\")/[class=input__control]\") set value(Connelly Armand)","status":"passed","stage":"finished","steps":[],"attachments":[],"parameters":[],"start":1744023153906,"stop":1744023154120},{"name":"$(\"[placeholder='999']\") set value(036)","status":"passed","stage":"finished","steps":[],"attachments":[],"parameters":[],"start":1744023154120,"stop":1744023154257},{"name":"$(\"by text: Продолжить\") click()","status":"passed","stage":"finished","steps":[],"attachments":[],"parameters":[],"start":1744023154257,"stop":1744023154374},{"name":"$(\"with text: Операция одобрена Банком.\") should be([visible, 15 s.])","status":"passed","stage":"finished","steps":[],"attachments":[],"parameters":[],"start":1744023154374,"stop":1744023161420},{"name":"$(\"with text: Операция одобрена Банком.\") should have(exact text \"Операция одобрена Банком.\")","status":"passed","stage":"finished","steps":[],"attachments":[],"parameters":[],"start":1744023161420,"stop":1744023161430}],"attachments":[],"parameters":[],"start":1744023153327,"stop":1744023161448}